<?xml version="1.0" encoding="utf-8"?><testsuites name="pytest tests"><testsuite name="pytest" errors="0" failures="0" skipped="0" tests="7" time="3.944" timestamp="2026-06-22T22:52:59.682804+00:00" hostname="agent-env-88ab6d1a-f78d-43fc-af5c-00e635b9fbf2"><testcase classname="backend.tests.test_bugs_iter11" name="test_rss_posts_have_distinct_images" time="0.143" /><testcase classname="backend.tests.test_bugs_iter11" name="test_visibility_toggle_persists" time="0.549" /><testcase classname="backend.tests.test_bugs_iter11" name="test_private_profile_blocks_other_user" time="0.537" /><testcase classname="backend.tests.test_bugs_iter11" name="test_post_with_friends_privacy" time="0.105" /><testcase classname="backend.tests.test_bugs_iter11" name="test_comment_notification" time="2.145" /><testcase classname="backend.tests.test_bugs_iter11" name="test_comments_listing_works" time="0.235" /><testcase classname="backend.tests.test_bugs_iter11" name="test_stories_endpoint" time="0.157" /></testsuite></testsuites>