<?xml version="1.0" encoding="utf-8"?><testsuites name="pytest tests"><testsuite name="pytest" errors="0" failures="0" skipped="1" tests="23" time="30.427" timestamp="2026-06-22T22:21:04.390713+00:00" hostname="agent-env-88ab6d1a-f78d-43fc-af5c-00e635b9fbf2"><testcase classname="backend.tests.test_full_regression_iter10.TestAuth" name="test_demo_login" time="11.686" /><testcase classname="backend.tests.test_full_regression_iter10.TestAuth" name="test_admin_login" time="0.401" /><testcase classname="backend.tests.test_full_regression_iter10.TestAuth" name="test_register_new_user" time="0.388" /><testcase classname="backend.tests.test_full_regression_iter10.TestAuth" name="test_password_reset_request" time="0.129" /><testcase classname="backend.tests.test_full_regression_iter10.TestAuth" name="test_login_bad_password" time="0.351" /><testcase classname="backend.tests.test_full_regression_iter10.TestFeedAndPosts" name="test_feed_loads" time="0.123" /><testcase classname="backend.tests.test_full_regression_iter10.TestFeedAndPosts" name="test_create_text_post" time="4.353" /><testcase classname="backend.tests.test_full_regression_iter10.TestFeedAndPosts" name="test_like_post" time="0.234" /><testcase classname="backend.tests.test_full_regression_iter10.TestFeedAndPosts" name="test_comment_post" time="0.338" /><testcase classname="backend.tests.test_full_regression_iter10.TestFeedAndPosts" name="test_bookmark_post" time="0.249" /><testcase classname="backend.tests.test_full_regression_iter10.TestProfile" name="test_get_me" time="3.188" /><testcase classname="backend.tests.test_full_regression_iter10.TestProfile" name="test_mana_score" time="0.203" /><testcase classname="backend.tests.test_full_regression_iter10.TestManaMap" name="test_webcams" time="0.103" /><testcase classname="backend.tests.test_full_regression_iter10.TestManaMap" name="test_mana_points" time="0.220" /><testcase classname="backend.tests.test_full_regression_iter10.TestMarketplace" name="test_products_list" time="0.101" /><testcase classname="backend.tests.test_full_regression_iter10.TestChat" name="test_conversations" time="0.120" /><testcase classname="backend.tests.test_full_regression_iter10.TestNotifications" name="test_list_notifications" time="0.114" /><testcase classname="backend.tests.test_full_regression_iter10.TestAdminInboxAIDraft" name="test_inbox_list_contains" time="0.230" /><testcase classname="backend.tests.test_full_regression_iter10.TestAdminInboxAIDraft" name="test_inbox_detail" time="0.108" /><testcase classname="backend.tests.test_full_regression_iter10.TestAdminInboxAIDraft" name="test_ai_draft_generate" time="7.128" /><testcase classname="backend.tests.test_full_regression_iter10.TestAdminInboxAIDraft" name="test_send_reply_mocked" time="0.124" /><testcase classname="backend.tests.test_full_regression_iter10.TestAdminInboxAIDraft" name="test_archive" time="0.108" /><testcase classname="backend.tests.test_full_regression_iter10.TestAIAgentConfig" name="test_get_config" time="0.320"><skipped type="pytest.skip" message="AI agent config endpoint not located">/app/backend/tests/test_full_regression_iter10.py:259: AI agent config endpoint not located</skipped></testcase></testsuite></testsuites>