<?xml version="1.0" encoding="utf-8"?><testsuites name="pytest tests"><testsuite name="pytest" errors="0" failures="0" skipped="0" tests="27" time="5.421" timestamp="2026-03-07T00:31:45.903681+00:00" hostname="agent-env-28461237-dd81-4842-b883-f4be5906a72f"><testcase classname="backend.tests.test_security_features.TestAuthentication" name="test_01_api_root" time="0.397" /><testcase classname="backend.tests.test_security_features.TestAuthentication" name="test_02_register_user" time="0.197" /><testcase classname="backend.tests.test_security_features.TestAuthentication" name="test_03_login_user" time="0.169" /><testcase classname="backend.tests.test_security_features.TestAuthentication" name="test_04_get_current_user" time="0.200" /><testcase classname="backend.tests.test_security_features.TestReportingSystem" name="test_01_get_report_types" time="0.155" /><testcase classname="backend.tests.test_security_features.TestReportingSystem" name="test_02_report_content_spam" time="0.226" /><testcase classname="backend.tests.test_security_features.TestReportingSystem" name="test_03_report_content_harassment" time="0.168" /><testcase classname="backend.tests.test_security_features.TestReportingSystem" name="test_04_report_self_harm" time="0.179" /><testcase classname="backend.tests.test_security_features.TestReportingSystem" name="test_05_report_invalid_type" time="0.166" /><testcase classname="backend.tests.test_security_features.TestBlockingSystem" name="test_01_block_user" time="0.270" /><testcase classname="backend.tests.test_security_features.TestBlockingSystem" name="test_02_get_blocked_users" time="0.204" /><testcase classname="backend.tests.test_security_features.TestBlockingSystem" name="test_03_unblock_user" time="0.185" /><testcase classname="backend.tests.test_security_features.TestBlockingSystem" name="test_04_cannot_block_self" time="0.162" /><testcase classname="backend.tests.test_security_features.TestPrivacySettings" name="test_01_get_privacy_settings" time="0.214" /><testcase classname="backend.tests.test_security_features.TestPrivacySettings" name="test_02_update_profile_visibility" time="0.179" /><testcase classname="backend.tests.test_security_features.TestPrivacySettings" name="test_03_update_activity_status" time="0.179" /><testcase classname="backend.tests.test_security_features.TestPrivacySettings" name="test_04_update_messages_setting" time="0.154" /><testcase classname="backend.tests.test_security_features.TestPrivacySettings" name="test_05_update_location_privacy" time="0.161" /><testcase classname="backend.tests.test_security_features.TestPrivacySettings" name="test_06_verify_settings_persistence" time="0.189" /><testcase classname="backend.tests.test_security_features.TestSecurityCheck" name="test_01_security_check" time="0.150" /><testcase classname="backend.tests.test_security_features.TestDataRequest" name="test_01_request_data_download" time="0.185" /><testcase classname="backend.tests.test_security_features.TestDataRequest" name="test_02_rate_limit_data_request" time="0.276" /><testcase classname="backend.tests.test_security_features.TestAuthenticationRequired" name="test_01_report_requires_auth" time="0.157" /><testcase classname="backend.tests.test_security_features.TestAuthenticationRequired" name="test_02_block_requires_auth" time="0.154" /><testcase classname="backend.tests.test_security_features.TestAuthenticationRequired" name="test_03_privacy_settings_requires_auth" time="0.153" /><testcase classname="backend.tests.test_security_features.TestAuthenticationRequired" name="test_04_security_check_requires_auth" time="0.138" /><testcase classname="backend.tests.test_security_features.TestLogout" name="test_01_logout" time="0.174" /></testsuite></testsuites>