<?xml version="1.0" encoding="utf-8"?><testsuites name="pytest tests"><testsuite name="pytest" errors="0" failures="0" skipped="0" tests="12" time="2.196" timestamp="2026-06-20T01:34:10.340402+00:00" hostname="agent-env-88ab6d1a-f78d-43fc-af5c-00e635b9fbf2"><testcase classname="backend.tests.test_inbox_features.TestInboundWebhook" name="test_inbound_nested_payload" time="0.270" /><testcase classname="backend.tests.test_inbox_features.TestInboundWebhook" name="test_inbound_flat_payload" time="0.118" /><testcase classname="backend.tests.test_inbox_features.TestAdminInbox" name="test_list_inbox" time="0.520" /><testcase classname="backend.tests.test_inbox_features.TestAdminInbox" name="test_list_filter_unread" time="0.140" /><testcase classname="backend.tests.test_inbox_features.TestAdminInbox" name="test_list_search" time="0.120" /><testcase classname="backend.tests.test_inbox_features.TestAdminInbox" name="test_list_pagination" time="0.104" /><testcase classname="backend.tests.test_inbox_features.TestAdminInbox" name="test_get_inbox_item_marks_read" time="0.102" /><testcase classname="backend.tests.test_inbox_features.TestAdminInbox" name="test_toggle_read" time="0.226" /><testcase classname="backend.tests.test_inbox_features.TestAdminInbox" name="test_archive" time="0.226" /><testcase classname="backend.tests.test_inbox_features.TestAdminInbox" name="test_inbox_requires_auth" time="0.107" /><testcase classname="backend.tests.test_inbox_features.TestAdminInbox" name="test_get_404" time="0.120" /><testcase classname="backend.tests.test_inbox_features" name="test_cleanup" time="0.002" /></testsuite></testsuites>