<?xml version="1.0" encoding="utf-8"?><testsuites name="pytest tests"><testsuite name="pytest" errors="0" failures="1" skipped="0" tests="18" time="8.926" timestamp="2026-03-15T20:14:00.845984+00:00" hostname="agent-env-28461237-dd81-4842-b883-f4be5906a72f"><testcase classname="tests.test_new_features.TestTranslationAPI" name="test_translate_endpoint_exists" time="0.495" /><testcase classname="tests.test_new_features.TestTranslationAPI" name="test_translate_french_to_tahitian" time="0.314" /><testcase classname="tests.test_new_features.TestTranslationAPI" name="test_translate_tahitian_to_french" time="0.412" /><testcase classname="tests.test_new_features.TestTranslationAPI" name="test_translate_empty_text" time="0.469" /><testcase classname="tests.test_new_features.TestTranslationAPI" name="test_translate_invalid_direction" time="0.290" /><testcase classname="tests.test_new_features.TestTranslationAPI" name="test_translate_dictionary_stats" time="0.459" /><testcase classname="tests.test_new_features.TestTranslationAPI" name="test_translate_common_phrases" time="0.277" /><testcase classname="tests.test_new_features.TestCarpoolCategory" name="test_marker_types_includes_carpool" time="0.245" /><testcase classname="tests.test_new_features.TestCarpoolCategory" name="test_all_marker_types_present" time="0.330" /><testcase classname="tests.test_new_features.TestPasswordReset" name="test_request_password_reset_endpoint" time="0.424" /><testcase classname="tests.test_new_features.TestPasswordReset" name="test_password_reset_invalid_email_format" time="0.241" /><testcase classname="tests.test_new_features.TestPasswordReset" name="test_password_reset_empty_email" time="0.251" /><testcase classname="tests.test_new_features.TestPasswordReset" name="test_password_reset_nonexistent_email" time="0.246"><failure message="assert 429 == 200&#10; +  where 429 = &lt;Response [429]&gt;.status_code">tests/test_new_features.py:202: in test_password_reset_nonexistent_email
    assert response.status_code == 200
E   assert 429 == 200
E    +  where 429 = &lt;Response [429]&gt;.status_code</failure></testcase><testcase classname="tests.test_new_features.TestLogoutEndpoints" name="test_logout_endpoint_exists" time="0.205" /><testcase classname="tests.test_new_features.TestLogoutEndpoints" name="test_logout_with_session" time="1.274" /><testcase classname="tests.test_new_features.TestLogoutEndpoints" name="test_logout_all_devices_requires_auth" time="0.442" /><testcase classname="tests.test_new_features.TestIntegration" name="test_login_and_access_me" time="1.354" /><testcase classname="tests.test_new_features.TestIntegration" name="test_translate_post_requires_valid_post" time="0.431" /></testsuite></testsuites>