<?xml version="1.0" encoding="utf-8"?><testsuites name="pytest tests"><testsuite name="pytest" errors="0" failures="0" skipped="0" tests="12" time="2.596" timestamp="2026-03-31T07:57:37.505743+00:00" hostname="agent-env-28461237-dd81-4842-b883-f4be5906a72f"><testcase classname="backend.tests.test_rss_posts.TestRSSPostsDisplay" name="test_health_check" time="0.198" /><testcase classname="backend.tests.test_rss_posts.TestRSSPostsDisplay" name="test_posts_endpoint_returns_data" time="0.120" /><testcase classname="backend.tests.test_rss_posts.TestRSSPostsDisplay" name="test_rss_posts_have_content_type_link" time="0.114" /><testcase classname="backend.tests.test_rss_posts.TestRSSPostsDisplay" name="test_rss_posts_have_media_url" time="0.137" /><testcase classname="backend.tests.test_rss_posts.TestRSSPostsDisplay" name="test_rss_posts_have_link_source" time="0.122" /><testcase classname="backend.tests.test_rss_posts.TestRSSPostsDisplay" name="test_rss_posts_have_link_title" time="0.114" /><testcase classname="backend.tests.test_rss_posts.TestRSSPostsDisplay" name="test_rss_posts_have_external_link" time="0.115" /><testcase classname="backend.tests.test_rss_posts.TestRSSPostsDisplay" name="test_rss_posts_have_user_info" time="0.160" /><testcase classname="backend.tests.test_rss_posts.TestRSSPostsDisplay" name="test_image_urls_are_valid" time="0.436" /><testcase classname="backend.tests.test_rss_posts.TestRegularPosts" name="test_login_and_create_post" time="0.562" /><testcase classname="backend.tests.test_rss_posts.TestFeedPageLoad" name="test_posts_pagination" time="0.153" /><testcase classname="backend.tests.test_rss_posts.TestFeedPageLoad" name="test_stories_endpoint" time="0.157" /></testsuite></testsuites>