<?xml version="1.0" encoding="utf-8"?><testsuites name="pytest tests"><testsuite name="pytest" errors="0" failures="0" skipped="0" tests="17" time="5.929" timestamp="2026-03-10T22:02:15.471717+00:00" hostname="agent-env-28461237-dd81-4842-b883-f4be5906a72f"><testcase classname="tests.test_v3_features.TestHealthCheck" name="test_backend_health" time="0.282" /><testcase classname="tests.test_v3_features.TestPaginatedPosts" name="test_paginated_posts_endpoint" time="0.284" /><testcase classname="tests.test_v3_features.TestPaginatedPosts" name="test_paginated_posts_limit" time="0.234" /><testcase classname="tests.test_v3_features.TestModerationCategories" name="test_get_moderation_categories" time="0.232" /><testcase classname="tests.test_v3_features.TestGDPRConsentTypes" name="test_get_consent_types" time="0.258" /><testcase classname="tests.test_v3_features.TestUserAuthentication" name="test_user_login" time="0.766" /><testcase classname="tests.test_v3_features.TestUserAuthentication" name="test_user_registration_and_login" time="0.535" /><testcase classname="tests.test_v3_features.TestAdminLogin" name="test_admin_login" time="0.306" /><testcase classname="tests.test_v3_features.TestAdminAnalytics" name="test_admin_analytics_endpoint" time="0.318" /><testcase classname="tests.test_v3_features.TestAdminAnalytics" name="test_admin_monitoring_endpoint" time="0.243" /><testcase classname="tests.test_v3_features.TestModerationReports" name="test_create_report_endpoint_exists" time="0.687" /><testcase classname="tests.test_v3_features.TestGDPRUserData" name="test_get_my_consents" time="0.591" /><testcase classname="tests.test_v3_features.TestPostsAPI" name="test_get_posts" time="0.245" /><testcase classname="tests.test_v3_features.TestPostsAPI" name="test_get_stories" time="0.157" /><testcase classname="tests.test_v3_features.TestLiveAPI" name="test_get_lives" time="0.181" /><testcase classname="tests.test_v3_features.TestMarketplaceAPI" name="test_get_products" time="0.187" /><testcase classname="tests.test_v3_features.TestMarketplaceAPI" name="test_get_categories" time="0.178" /></testsuite></testsuites>