<?xml version="1.0" encoding="utf-8"?><testsuites name="pytest tests"><testsuite name="pytest" errors="0" failures="8" skipped="0" tests="38" time="11.760" timestamp="2026-03-26T08:04:35.771469+00:00" hostname="agent-env-28461237-dd81-4842-b883-f4be5906a72f"><testcase classname="backend.tests.test_qa_comprehensive.TestHealthAndBasics" name="test_health_endpoint" time="0.290" /><testcase classname="backend.tests.test_qa_comprehensive.TestHealthAndBasics" name="test_api_docs_available" time="0.134" /><testcase classname="backend.tests.test_qa_comprehensive.TestAuthentication" name="test_login_success" time="0.480" /><testcase classname="backend.tests.test_qa_comprehensive.TestAuthentication" name="test_login_invalid_password" time="0.448" /><testcase classname="backend.tests.test_qa_comprehensive.TestAuthentication" name="test_login_invalid_email" time="0.136" /><testcase classname="backend.tests.test_qa_comprehensive.TestAuthentication" name="test_register_new_user" time="0.692" /><testcase classname="backend.tests.test_qa_comprehensive.TestAuthentication" name="test_get_current_user" time="0.775" /><testcase classname="backend.tests.test_qa_comprehensive.TestAuthentication" name="test_logout" time="0.609" /><testcase classname="backend.tests.test_qa_comprehensive.TestAuthentication" name="test_password_reset_request" time="0.144" /><testcase classname="backend.tests.test_qa_comprehensive.TestUserProfile" name="test_get_user_profile" time="0.725" /><testcase classname="backend.tests.test_qa_comprehensive.TestUserProfile" name="test_get_user_posts" time="0.702" /><testcase classname="backend.tests.test_qa_comprehensive.TestFeedAndPosts" name="test_get_feed_posts" time="0.161" /><testcase classname="backend.tests.test_qa_comprehensive.TestFeedAndPosts" name="test_get_paginated_posts" time="0.126" /><testcase classname="backend.tests.test_qa_comprehensive.TestFeedAndPosts" name="test_create_post" time="0.647" /><testcase classname="backend.tests.test_qa_comprehensive.TestFeedAndPosts" name="test_like_post" time="0.655" /><testcase classname="backend.tests.test_qa_comprehensive.TestFeedAndPosts" name="test_react_to_post" time="0.726" /><testcase classname="backend.tests.test_qa_comprehensive.TestFeedAndPosts" name="test_get_post_comments" time="0.266" /><testcase classname="backend.tests.test_qa_comprehensive.TestFeedAndPosts" name="test_add_comment" time="0.379"><failure message="assert 401 == 200&#10; +  where 401 = &lt;Response [401]&gt;.status_code">backend/tests/test_qa_comprehensive.py:281: in test_add_comment
    assert response.status_code == 200
E   assert 401 == 200
E    +  where 401 = &lt;Response [401]&gt;.status_code</failure></testcase><testcase classname="backend.tests.test_qa_comprehensive.TestStories" name="test_get_stories" time="0.121" /><testcase classname="backend.tests.test_qa_comprehensive.TestStories" name="test_create_story" time="0.251"><failure message="assert 401 == 200&#10; +  where 401 = &lt;Response [401]&gt;.status_code">backend/tests/test_qa_comprehensive.py:316: in test_create_story
    assert response.status_code == 200
E   assert 401 == 200
E    +  where 401 = &lt;Response [401]&gt;.status_code</failure></testcase><testcase classname="backend.tests.test_qa_comprehensive.TestMessaging" name="test_get_conversations_requires_auth" time="0.131" /><testcase classname="backend.tests.test_qa_comprehensive.TestMessaging" name="test_get_conversations" time="0.299"><failure message="assert 401 == 200&#10; +  where 401 = &lt;Response [401]&gt;.status_code">backend/tests/test_qa_comprehensive.py:346: in test_get_conversations
    assert response.status_code == 200
E   assert 401 == 200
E    +  where 401 = &lt;Response [401]&gt;.status_code</failure></testcase><testcase classname="backend.tests.test_qa_comprehensive.TestMarketplace" name="test_get_products" time="0.142" /><testcase classname="backend.tests.test_qa_comprehensive.TestMarketplace" name="test_get_services" time="0.134" /><testcase classname="backend.tests.test_qa_comprehensive.TestMarketplace" name="test_get_categories" time="0.121" /><testcase classname="backend.tests.test_qa_comprehensive.TestMarketplace" name="test_create_product" time="0.258"><failure message="assert 401 == 200&#10; +  where 401 = &lt;Response [401]&gt;.status_code">backend/tests/test_qa_comprehensive.py:402: in test_create_product
    assert response.status_code == 200
E   assert 401 == 200
E    +  where 401 = &lt;Response [401]&gt;.status_code</failure></testcase><testcase classname="backend.tests.test_qa_comprehensive.TestFenuaPulse" name="test_get_islands" time="0.116" /><testcase classname="backend.tests.test_qa_comprehensive.TestFenuaPulse" name="test_get_marker_types" time="0.115" /><testcase classname="backend.tests.test_qa_comprehensive.TestFenuaPulse" name="test_get_markers" time="0.150" /><testcase classname="backend.tests.test_qa_comprehensive.TestFenuaPulse" name="test_get_pulse_status" time="0.141" /><testcase classname="backend.tests.test_qa_comprehensive.TestFenuaPulse" name="test_filter_markers_by_type" time="0.161" /><testcase classname="backend.tests.test_qa_comprehensive.TestTranslation" name="test_translate_fr_to_tahitian" time="0.111" /><testcase classname="backend.tests.test_qa_comprehensive.TestTranslation" name="test_translate_tahitian_to_fr" time="0.146" /><testcase classname="backend.tests.test_qa_comprehensive.TestTranslation" name="test_get_dictionary_stats" time="0.117" /><testcase classname="backend.tests.test_qa_comprehensive.TestNotifications" name="test_get_notifications" time="0.235"><failure message="assert 401 == 200&#10; +  where 401 = &lt;Response [401]&gt;.status_code">backend/tests/test_qa_comprehensive.py:518: in test_get_notifications
    assert response.status_code == 200
E   assert 401 == 200
E    +  where 401 = &lt;Response [401]&gt;.status_code</failure></testcase><testcase classname="backend.tests.test_qa_comprehensive.TestNotifications" name="test_get_unread_count" time="0.243"><failure message="assert 401 == 200&#10; +  where 401 = &lt;Response [401]&gt;.status_code">backend/tests/test_qa_comprehensive.py:529: in test_get_unread_count
    assert response.status_code == 200
E   assert 401 == 200
E    +  where 401 = &lt;Response [401]&gt;.status_code</failure></testcase><testcase classname="backend.tests.test_qa_comprehensive.TestSearch" name="test_search_users" time="0.112"><failure message="assert 404 == 200&#10; +  where 404 = &lt;Response [404]&gt;.status_code">backend/tests/test_qa_comprehensive.py:541: in test_search_users
    assert response.status_code == 200
E   assert 404 == 200
E    +  where 404 = &lt;Response [404]&gt;.status_code</failure></testcase><testcase classname="backend.tests.test_qa_comprehensive.TestSearch" name="test_search_posts" time="0.119"><failure message="assert 404 == 200&#10; +  where 404 = &lt;Response [404]&gt;.status_code">backend/tests/test_qa_comprehensive.py:549: in test_search_posts
    assert response.status_code == 200
E   assert 404 == 200
E    +  where 404 = &lt;Response [404]&gt;.status_code</failure></testcase></testsuite></testsuites>