<?xml version="1.0" encoding="utf-8"?><testsuites name="pytest tests"><testsuite name="pytest" errors="0" failures="1" skipped="0" tests="24" time="5.463" timestamp="2026-03-11T01:50:18.009272+00:00" hostname="agent-env-28461237-dd81-4842-b883-f4be5906a72f"><testcase classname="backend.tests.test_fenua_pulse.TestHealthAndBasicAPIs" name="test_01_backend_health" time="0.338" /><testcase classname="backend.tests.test_fenua_pulse.TestHealthAndBasicAPIs" name="test_02_api_version" time="0.203" /><testcase classname="backend.tests.test_fenua_pulse.TestFenuaPulseIslands" name="test_01_get_islands" time="0.171" /><testcase classname="backend.tests.test_fenua_pulse.TestFenuaPulseMarkerTypes" name="test_01_get_marker_types" time="0.191" /><testcase classname="backend.tests.test_fenua_pulse.TestFenuaPulseStatus" name="test_01_get_pulse_status" time="0.163" /><testcase classname="backend.tests.test_fenua_pulse.TestFenuaPulseMarkers" name="test_01_get_markers" time="0.148" /><testcase classname="backend.tests.test_fenua_pulse.TestFenuaPulseMarkers" name="test_02_get_markers_with_filter" time="0.182" /><testcase classname="backend.tests.test_fenua_pulse.TestFenuaPulseMarkers" name="test_03_get_markers_by_island" time="0.163" /><testcase classname="backend.tests.test_fenua_pulse.TestRouletteSystem" name="test_01_get_cuisine_types" time="0.147" /><testcase classname="backend.tests.test_fenua_pulse.TestRouletteSystem" name="test_02_get_payment_methods" time="0.210" /><testcase classname="backend.tests.test_fenua_pulse.TestRouletteSystem" name="test_03_search_roulottes" time="0.214" /><testcase classname="backend.tests.test_fenua_pulse.TestRouletteSystem" name="test_04_get_open_roulottes" time="0.165" /><testcase classname="backend.tests.test_fenua_pulse.TestFenuaPulseLeaderboard" name="test_01_get_weekly_leaderboard" time="0.328" /><testcase classname="backend.tests.test_fenua_pulse.TestFenuaPulseLeaderboard" name="test_02_get_leaderboard_by_island" time="0.177" /><testcase classname="backend.tests.test_fenua_pulse.TestFenuaPulseBadges" name="test_01_get_badges_list" time="0.195" /><testcase classname="backend.tests.test_fenua_pulse.TestFenuaPulseStats" name="test_01_get_fenua_stats" time="0.197" /><testcase classname="backend.tests.test_fenua_pulse.TestPaginatedPosts" name="test_01_paginated_posts" time="0.184" /><testcase classname="backend.tests.test_fenua_pulse.TestAuthenticatedEndpoints" name="test_01_login" time="0.520" /><testcase classname="backend.tests.test_fenua_pulse.TestAuthenticatedEndpoints" name="test_02_get_mana_balance" time="0.184" /><testcase classname="backend.tests.test_fenua_pulse.TestAuthenticatedEndpoints" name="test_03_get_my_vendor_profile" time="0.171" /><testcase classname="backend.tests.test_fenua_pulse.TestAuthenticatedEndpoints" name="test_04_get_user_badges" time="0.156"><failure message="assert 404 == 200&#10; +  where 404 = &lt;Response [404]&gt;.status_code">backend/tests/test_fenua_pulse.py:366: in test_04_get_user_badges
    assert response.status_code == 200
E   assert 404 == 200
E    +  where 404 = &lt;Response [404]&gt;.status_code</failure></testcase><testcase classname="backend.tests.test_fenua_pulse.TestVendorDashboardAPI" name="test_01_vendor_profile_requires_auth" time="0.150" /><testcase classname="backend.tests.test_fenua_pulse.TestVendorDashboardAPI" name="test_02_open_roulotte_requires_auth" time="0.173" /><testcase classname="backend.tests.test_fenua_pulse.TestAdminLogin" name="test_01_admin_login" time="0.176" /></testsuite></testsuites>