<?xml version="1.0" encoding="utf-8"?><testsuites name="pytest tests"><testsuite name="pytest" errors="0" failures="0" skipped="0" tests="4" time="2.966" timestamp="2026-06-10T00:21:51.151400+00:00" hostname="agent-env-88ab6d1a-f78d-43fc-af5c-00e635b9fbf2"><testcase classname="backend.tests.test_release_features.TestAdvertisingPackages" name="test_packages_list_returns_min_15" time="0.362" /><testcase classname="backend.tests.test_release_features.TestStripeCheckout" name="test_checkout_invalid_package_returns_400" time="0.079" /><testcase classname="backend.tests.test_release_features.TestStripeCheckout" name="test_checkout_valid_marketplace_7days" time="0.581" /><testcase classname="backend.tests.test_release_features.TestRewardUnlockFlow" name="test_register_with_referral_triggers_reward_unlocked" time="1.804" /></testsuite></testsuites>