<?xml version="1.0" encoding="utf-8"?><testsuites name="pytest tests"><testsuite name="pytest" errors="0" failures="0" skipped="0" tests="30" time="7.779" timestamp="2026-03-15T20:32:12.527935+00:00" hostname="agent-env-28461237-dd81-4842-b883-f4be5906a72f"><testcase classname="backend.tests.test_comprehensive_v4.TestAPIHealth" name="test_api_root" time="0.192" /><testcase classname="backend.tests.test_comprehensive_v4.TestAPIHealth" name="test_manifest_json_accessible" time="0.132" /><testcase classname="backend.tests.test_comprehensive_v4.TestAPIHealth" name="test_service_worker_accessible" time="0.157" /><testcase classname="backend.tests.test_comprehensive_v4.TestAuthentication" name="test_login_success" time="0.464" /><testcase classname="backend.tests.test_comprehensive_v4.TestAuthentication" name="test_login_invalid_password" time="0.474" /><testcase classname="backend.tests.test_comprehensive_v4.TestAuthentication" name="test_login_invalid_email_format" time="0.134" /><testcase classname="backend.tests.test_comprehensive_v4.TestAuthentication" name="test_register_new_user" time="0.433" /><testcase classname="backend.tests.test_comprehensive_v4.TestAuthentication" name="test_get_current_user" time="0.552" /><testcase classname="backend.tests.test_comprehensive_v4.TestAuthentication" name="test_logout" time="0.161" /><testcase classname="backend.tests.test_comprehensive_v4.TestEmailVerification" name="test_send_verification_requires_auth" time="0.133" /><testcase classname="backend.tests.test_comprehensive_v4.TestEmailVerification" name="test_send_verification_with_auth" time="0.586" /><testcase classname="backend.tests.test_comprehensive_v4.TestEmailVerification" name="test_verify_email_requires_auth" time="0.134" /><testcase classname="backend.tests.test_comprehensive_v4.TestEmailVerification" name="test_verify_email_invalid_code" time="0.145" /><testcase classname="backend.tests.test_comprehensive_v4.TestEmailVerification" name="test_verification_status" time="0.167" /><testcase classname="backend.tests.test_comprehensive_v4.TestFeedPosts" name="test_get_posts" time="0.227" /><testcase classname="backend.tests.test_comprehensive_v4.TestFeedPosts" name="test_get_stories" time="0.263" /><testcase classname="backend.tests.test_comprehensive_v4.TestFeedPosts" name="test_translate_endpoint" time="0.586" /><testcase classname="backend.tests.test_comprehensive_v4.TestFenuaPulse" name="test_get_islands" time="0.137" /><testcase classname="backend.tests.test_comprehensive_v4.TestFenuaPulse" name="test_get_marker_types" time="0.148" /><testcase classname="backend.tests.test_comprehensive_v4.TestFenuaPulse" name="test_get_markers" time="0.140" /><testcase classname="backend.tests.test_comprehensive_v4.TestFenuaPulse" name="test_get_pulse_status" time="0.140" /><testcase classname="backend.tests.test_comprehensive_v4.TestFenuaPulse" name="test_filter_markers_by_type" time="0.149" /><testcase classname="backend.tests.test_comprehensive_v4.TestFenuaPulse" name="test_filter_markers_by_island" time="0.299" /><testcase classname="backend.tests.test_comprehensive_v4.TestMarketplace" name="test_get_products" time="0.249" /><testcase classname="backend.tests.test_comprehensive_v4.TestMarketplace" name="test_get_categories" time="0.157" /><testcase classname="backend.tests.test_comprehensive_v4.TestChat" name="test_get_conversations_requires_auth" time="0.124" /><testcase classname="backend.tests.test_comprehensive_v4.TestChat" name="test_get_conversations" time="0.638" /><testcase classname="backend.tests.test_comprehensive_v4.TestForgotPassword" name="test_request_password_reset_valid_email" time="0.138" /><testcase classname="backend.tests.test_comprehensive_v4.TestForgotPassword" name="test_request_password_reset_invalid_email" time="0.124" /><testcase classname="backend.tests.test_comprehensive_v4.TestForgotPassword" name="test_request_password_reset_unknown_email" time="0.131" /></testsuite></testsuites>